#
# There is insufficient memory for the Java Runtime Environment to continue.
# Native memory allocation (mmap) failed to map 58720256 bytes for Failed to commit area from 0x00000000e0000000 to 0x00000000e3800000 of length 58720256.
# Possible reasons:
#   The system is out of physical RAM or swap space
#   The process is running with CompressedOops enabled, and the Java Heap may be blocking the growth of the native heap
# Possible solutions:
#   Reduce memory load on the system
#   Increase physical memory or swap space
#   Check if swap backing store is full
#   Decrease Java heap size (-Xmx/-Xms)
#   Decrease number of Java threads
#   Decrease Java thread stack sizes (-Xss)
#   Set larger code cache with -XX:ReservedCodeCacheSize=
# This output file may be truncated or incomplete.
#
#  Out of Memory Error (./src/hotspot/os/windows/os_windows.cpp:3390), pid=26032, tid=27716
#
# JRE version:  (11.0.15+10) (build )
# Java VM: OpenJDK 64-Bit Server VM (11.0.15+10, mixed mode, sharing, tiered, compressed oops, g1 gc, windows-amd64)
# No core dump will be written. Minidumps are not enabled by default on client versions of Windows
#

---------------  S U M M A R Y ------------

Command Line: -Dorg.gradle.internal.worker.tmpdir=C:\CashbackHackService\build\tmp\test\work -Dorg.gradle.native=false --add-opens=java.base/java.util=ALL-UNNAMED --add-opens=java.base/java.lang=ALL-UNNAMED -Xmx512m -Dfile.encoding=windows-1251 -Duser.country=RU -Duser.language=ru -Duser.variant -ea worker.org.gradle.process.internal.worker.GradleWorkerMain 'Gradle Test Executor 2'

Host: AMD Athlon 300U with Radeon Vega Mobile Gfx    , 4 cores, 3G,  Windows 11 , 64 bit Build 22000 (10.0.22000.708)
Time: Thu Sep 22 16:00:27 2022  Windows 11 , 64 bit Build 22000 (10.0.22000.708) elapsed time: 0.034592 seconds (0d 0h 0m 0s)

---------------  T H R E A D  ---------------

Current thread (0x000001a6ffebe000):  JavaThread "Unknown thread" [_thread_in_vm, id=27716, stack(0x0000002bbe900000,0x0000002bbea00000)]

Stack: [0x0000002bbe900000,0x0000002bbea00000]
Native frames: (J=compiled Java code, j=interpreted, Vv=VM code, C=native code)
V  [jvm.dll+0x61e72a]
V  [jvm.dll+0x7aae49]
V  [jvm.dll+0x7ac538]
V  [jvm.dll+0x7acc13]
V  [jvm.dll+0x24fb28]
V  [jvm.dll+0x61b9ca]
V  [jvm.dll+0x610225]
V  [jvm.dll+0x30784c]
V  [jvm.dll+0x3076d2]
V  [jvm.dll+0x30c3e6]
V  [jvm.dll+0x35283f]
V  [jvm.dll+0x352270]
V  [jvm.dll+0x2e4848]
V  [jvm.dll+0x2e59a6]
V  [jvm.dll+0x784c97]
V  [jvm.dll+0x78641f]
V  [jvm.dll+0x35f589]
V  [jvm.dll+0x767c30]
V  [jvm.dll+0x3cd07f]
V  [jvm.dll+0x3cf411]
C  [jli.dll+0x5207]
C  [ucrtbase.dll+0x26c0c]
C  [KERNEL32.DLL+0x154e0]
C  [ntdll.dll+0x485b]


---------------  P R O C E S S  ---------------

Threads class SMR info:
_java_thread_list=0x000001a6ff152790, length=0, elements={
}

Java Threads: ( => current thread )

Other Threads:
  0x000001a6ffed9000 GCTaskThread "GC Thread#0" [stack: 0x0000002bbea00000,0x0000002bbeb00000] [id=9808]
  0x000001a6ffeea800 ConcurrentGCThread "G1 Main Marker" [stack: 0x0000002bbeb00000,0x0000002bbec00000] [id=26156]
  0x000001a6ffeed000 ConcurrentGCThread "G1 Conc#0" [stack: 0x0000002bbec00000,0x0000002bbed00000] [id=22040]

[error occurred during error reporting (printing all threads), id 0xc0000005, EXCEPTION_ACCESS_VIOLATION (0xc0000005) at pc=0x00007ffecb444017]

VM state:not at safepoint (not fully initialized)

VM Mutex/Monitor currently owned by a thread:  ([mutex/lock_event])
[0x000001a6ffeba900] Heap_lock - owner thread: 0x000001a6ffebe000

Heap address: 0x00000000e0000000, size: 512 MB, Compressed Oops mode: Non-zero based: 0x00000000e0000000
Narrow klass base: 0x0000000000000000, Narrow klass shift: 0

GC Heap History (0 events):
No events

Deoptimization events (0 events):
No events

Classes redefined (0 events):
No events

Internal exceptions (0 events):
No events

Events (1 events):
Event: 0.024 Loaded shared library C:\Program Files\Eclipse Adoptium\jdk-11.0.15.10-hotspot\bin\zip.dll


Dynamic libraries:
0x00007ff7e4930000 - 0x00007ff7e493d000 	C:\Program Files\Eclipse Adoptium\jdk-11.0.15.10-hotspot\bin\java.exe
0x00007fff31260000 - 0x00007fff31469000 	C:\WINDOWS\SYSTEM32\ntdll.dll
0x00007fff2fd20000 - 0x00007fff2fddd000 	C:\WINDOWS\System32\KERNEL32.DLL
0x00007fff2ed70000 - 0x00007fff2f0ec000 	C:\WINDOWS\System32\KERNELBASE.dll
0x00007fff2ec50000 - 0x00007fff2ed61000 	C:\WINDOWS\System32\ucrtbase.dll
0x00007ffeffa80000 - 0x00007ffeffa97000 	C:\Program Files\Eclipse Adoptium\jdk-11.0.15.10-hotspot\bin\jli.dll
0x00007fff02a20000 - 0x00007fff02a35000 	C:\Program Files\Eclipse Adoptium\jdk-11.0.15.10-hotspot\bin\VCRUNTIME140.dll
0x00007fff30a40000 - 0x00007fff30bed000 	C:\WINDOWS\System32\USER32.dll
0x00007fff2e7e0000 - 0x00007fff2e806000 	C:\WINDOWS\System32\win32u.dll
0x00007fff2d3e0000 - 0x00007fff2d685000 	C:\WINDOWS\WinSxS\amd64_microsoft.windows.common-controls_6595b64144ccf1df_6.0.22000.120_none_9d947278b86cc467\COMCTL32.dll
0x00007fff30120000 - 0x00007fff30149000 	C:\WINDOWS\System32\GDI32.dll
0x00007fff2fbf0000 - 0x00007fff2fc93000 	C:\WINDOWS\System32\msvcrt.dll
0x00007fff2e940000 - 0x00007fff2ea59000 	C:\WINDOWS\System32\gdi32full.dll
0x00007fff2e740000 - 0x00007fff2e7dd000 	C:\WINDOWS\System32\msvcp_win.dll
0x00007fff2f740000 - 0x00007fff2f771000 	C:\WINDOWS\System32\IMM32.DLL
0x00007ffef74b0000 - 0x00007ffef754b000 	C:\Program Files\Eclipse Adoptium\jdk-11.0.15.10-hotspot\bin\msvcp140.dll
0x00007ffecb150000 - 0x00007ffecbcd1000 	C:\Program Files\Eclipse Adoptium\jdk-11.0.15.10-hotspot\bin\server\jvm.dll
0x00007fff30070000 - 0x00007fff3011e000 	C:\WINDOWS\System32\ADVAPI32.dll
0x00007fff2fde0000 - 0x00007fff2fe7e000 	C:\WINDOWS\System32\sechost.dll
0x00007fff2f860000 - 0x00007fff2f980000 	C:\WINDOWS\System32\RPCRT4.dll
0x00007fff2f730000 - 0x00007fff2f738000 	C:\WINDOWS\System32\PSAPI.DLL
0x00007fff2c9c0000 - 0x00007fff2c9f3000 	C:\WINDOWS\SYSTEM32\WINMM.dll
0x00007fff25d60000 - 0x00007fff25d6a000 	C:\WINDOWS\SYSTEM32\VERSION.dll
0x00007fff2aa40000 - 0x00007fff2aa49000 	C:\WINDOWS\SYSTEM32\WSOCK32.dll
0x00007fff30f70000 - 0x00007fff30fdf000 	C:\WINDOWS\System32\WS2_32.dll
0x00007fff2d830000 - 0x00007fff2d848000 	C:\WINDOWS\SYSTEM32\kernel.appcore.dll
0x00007fff1b500000 - 0x00007fff1b510000 	C:\Program Files\Eclipse Adoptium\jdk-11.0.15.10-hotspot\bin\verify.dll
0x00007fff2bfd0000 - 0x00007fff2c1f1000 	C:\WINDOWS\SYSTEM32\DBGHELP.DLL
0x00007fff24ce0000 - 0x00007fff24d11000 	C:\WINDOWS\SYSTEM32\dbgcore.DLL
0x00007fff2ebd0000 - 0x00007fff2ec4f000 	C:\WINDOWS\System32\bcryptPrimitives.dll
0x00007ffeffa50000 - 0x00007ffeffa78000 	C:\Program Files\Eclipse Adoptium\jdk-11.0.15.10-hotspot\bin\java.dll
0x00007fff1a780000 - 0x00007fff1a78a000 	C:\Program Files\Eclipse Adoptium\jdk-11.0.15.10-hotspot\bin\jimage.dll
0x00007ffefec20000 - 0x00007ffefec38000 	C:\Program Files\Eclipse Adoptium\jdk-11.0.15.10-hotspot\bin\zip.dll

dbghelp: loaded successfully - version: 4.0.5 - missing functions: none
symbol engine: initialized successfully - sym options: 0x614 - pdb path: .;C:\Program Files\Eclipse Adoptium\jdk-11.0.15.10-hotspot\bin;C:\WINDOWS\SYSTEM32;C:\WINDOWS\WinSxS\amd64_microsoft.windows.common-controls_6595b64144ccf1df_6.0.22000.120_none_9d947278b86cc467;C:\Program Files\Eclipse Adoptium\jdk-11.0.15.10-hotspot\bin\server

VM Arguments:
jvm_args: -Dorg.gradle.internal.worker.tmpdir=C:\CashbackHackService\build\tmp\test\work -Dorg.gradle.native=false --add-opens=java.base/java.util=ALL-UNNAMED --add-opens=java.base/java.lang=ALL-UNNAMED -Xmx512m -Dfile.encoding=windows-1251 -Duser.country=RU -Duser.language=ru -Duser.variant -ea 
java_command: worker.org.gradle.process.internal.worker.GradleWorkerMain 'Gradle Test Executor 2'
java_class_path (initial): C:\\Users\\Крис\\.gradle\\caches\\7.4\\workerMain\\gradle-worker.jar;C:\\CashbackHackService\\build\\classes\\java\\test;C:\\CashbackHackService\\build\\classes\\java\\main;C:\\Users\\Крис\\.gradle\\caches\\modules-2\\files-2.1\\org.testng\\testng\\7.1.0\\b0bcea778fb2899aeb4014c558babea8833d180a\\testng-7.1.0.jar;C:\\Users\\Крис\\.gradle\\caches\\modules-2\\files-2.1\\com.beust\\jcommander\\1.72\\6375e521c1e11d6563d4f25a07ce124ccf8cd171\\jcommander-1.72.jar;C:\\Users\\Крис\\.gradle\\caches\\modules-2\\files-2.1\\com.google.inject\\guice\\4.1.0\\faf9ee8ac09eafd1128091426dd367a8c0085d55\\guice-4.1.0-no_aop.jar;C:\\Users\\Крис\\.gradle\\caches\\modules-2\\files-2.1\\org.yaml\\snakeyaml\\1.21\\18775fdda48574784f40b47bf478ab0593f92e4d\\snakeyaml-1.21.jar;C:\\Users\\Крис\\.gradle\\caches\\modules-2\\files-2.1\\javax.inject\\javax.inject\\1\\6975da39a7040257bd51d21a231b76c915872d38\\javax.inject-1.jar;C:\\Users\\Крис\\.gradle\\caches\\modules-2\\files-2.1\\aopalliance\\aopalliance\\1.0\\235ba8b489512805ac13a8f9ea77a1ca5ebe3e8\\aopalliance-1.0.jar;C:\\Users\\Крис\\.gradle\\caches\\modules-2\\files-2.1\\com.google.guava\\guava\\19.0\\6ce200f6b23222af3d8abb6b6459e6c44f4bb0e9\\guava-19.0.jar
Launcher Type: SUN_STANDARD

[Global flags]
     intx CICompilerCount                          = 3                                         {product} {ergonomic}
     uint ConcGCThreads                            = 1                                         {product} {ergonomic}
     uint G1ConcRefinementThreads                  = 4                                         {product} {ergonomic}
   size_t G1HeapRegionSize                         = 1048576                                   {product} {ergonomic}
    uintx GCDrainStackTargetSize                   = 64                                        {product} {ergonomic}
   size_t InitialHeapSize                          = 58720256                                  {product} {ergonomic}
   size_t MarkStackSize                            = 4194304                                   {product} {ergonomic}
   size_t MaxHeapSize                              = 536870912                                 {product} {command line}
   size_t MinHeapDeltaBytes                        = 1048576                                   {product} {ergonomic}
    uintx NonNMethodCodeHeapSize                   = 5830732                                {pd product} {ergonomic}
    uintx NonProfiledCodeHeapSize                  = 122913754                              {pd product} {ergonomic}
    uintx ProfiledCodeHeapSize                     = 122913754                              {pd product} {ergonomic}
    uintx ReservedCodeCacheSize                    = 251658240                              {pd product} {ergonomic}
     bool SegmentedCodeCache                       = true                                      {product} {ergonomic}
     bool UseCompressedClassPointers               = true                                 {lp64_product} {ergonomic}
     bool UseCompressedOops                        = true                                 {lp64_product} {ergonomic}
     bool UseG1GC                                  = true                                      {product} {ergonomic}
     bool UseLargePagesIndividualAllocation        = false                                  {pd product} {ergonomic}

Logging:
Log output configuration:
 #0: stdout all=warning uptime,level,tags
 #1: stderr all=off uptime,level,tags

Environment Variables:
PATH=C:\Program Files\Eclipse Adoptium\jdk-11.0.15.10-hotspot\bin;C:\WINDOWS\system32;C:\WINDOWS;C:\WINDOWS\System32\Wbem;C:\WINDOWS\System32\WindowsPowerShell\v1.0\;C:\WINDOWS\System32\OpenSSH\;C:\Program Files\Common Files\Autodesk Shared\;C:\Program Files\Git\cmd;C:\Users\Крис\AppData\Local\Programs\Python\Python39\Scripts\;C:\Users\Крис\AppData\Local\Programs\Python\Python39\;C:\Users\Крис\AppData\Local\Microsoft\WindowsApps;C:\Program Files\JetBrains\PyCharm Community Edition 2020.3.2\bin;;C:\Users\Крис\ffmpeg\bin\;;C:\Program Files\JetBrains\IntelliJ IDEA Community Edition 2022.1.1\bin;;C:\Users\Крис\AppData\Local\Programs\Microsoft VS Code\bin
USERNAME=Крис
OS=Windows_NT
PROCESSOR_IDENTIFIER=AMD64 Family 23 Model 24 Stepping 1, AuthenticAMD



---------------  S Y S T E M  ---------------

OS: Windows 11 , 64 bit Build 22000 (10.0.22000.708)
OS uptime: 2 days 2:41 hours

CPU:total 4 (initial active 4) (4 cores per cpu, 2 threads per core) family 23 model 24 stepping 1 microcode 0x0, cmov, cx8, fxsr, mmx, sse, sse2, sse3, ssse3, sse4.1, sse4.2, popcnt, avx, avx2, aes, clmul, mmxext, 3dnowpref, lzcnt, sse4a, ht, tsc, tscinvbit, tscinv, bmi1, bmi2, adx, sha, fma

Memory: 4k page, system-wide physical 3460M (108M free)
TotalPageFile size 14212M (AvailPageFile size 6M)
current process WorkingSet (physical memory assigned to process): 9M, peak: 9M
current process commit charge ("private bytes"): 51M, peak: 107M

vm_info: OpenJDK 64-Bit Server VM (11.0.15+10) for windows-amd64 JRE (11.0.15+10), built on Apr 19 2022 22:29:44 by "" with unknown MS VC++:1916

END.
